<?xml version="1.0" encoding="UTF-8"?>
<!-- Generated by org.testng.reporters.JUnitXMLReporter -->
<testsuite hostname="Anas-MacBook-Pro.local" ignored="0" name="Command line test" tests="14" failures="0" timestamp="15 Nov 2017 23:46:17 GMT" time="0.72" errors="0">
  <testcase name="testBotSavesPrincess" time="0.018" classname="com.hackerrank.anokas4.BotSavesPrincess2Test"/>
  <testcase name="testBotSavesPrincess" time="0.004" classname="com.hackerrank.anokas4.BotSavesPrincess2Test"/>
  <testcase name="testBotSavesPrincess" time="0.004" classname="com.hackerrank.anokas4.BotSavesPrincessTest"/>
  <testcase name="testBotSavesPrincess" time="0.003" classname="com.hackerrank.anokas4.BotSavesPrincessTest"/>
  <testcase name="testLuckyPurchase" time="0.096" classname="com.hackerrank.anokas4.LuckyPurchaseTest"/>
  <testcase name="testLuckyPurchase" time="0.007" classname="com.hackerrank.anokas4.LuckyPurchaseTest"/>
  <testcase name="testLuckyPurchase" time="0.007" classname="com.hackerrank.anokas4.LuckyPurchaseTest"/>
  <testcase name="testLuckyPurchase" time="0.005" classname="com.hackerrank.anokas4.LuckyPurchaseTest"/>
  <testcase name="testSurfaceArea" time="0.005" classname="com.hackerrank.anokas4.SurfaceAreaTest"/>
  <testcase name="testSurfaceArea" time="0.003" classname="com.hackerrank.anokas4.SurfaceAreaTest"/>
  <testcase name="testSurfaceArea" time="0.002" classname="com.hackerrank.anokas4.SurfaceAreaTest"/>
  <testcase name="testBotSavesPrincess" time="0.004" classname="com.hackerrank.anokas4.TripleRecursionTest"/>
  <testcase name="testBotSavesPrincess" time="0.004" classname="com.hackerrank.anokas4.TripleRecursionTest"/>
  <testcase name="testBotSavesPrincess" time="0.004" classname="com.hackerrank.anokas4.TripleRecursionTest"/>
</testsuite> <!-- Command line test -->
